           _                 _    
  __ _  __| |_ __ __ _ _ __ | |_  
 / _` |/ _` | '__/ _` | '_ \| __| 
| (_| | (_| | | | (_| | | | | |_  
 \__, |\__,_|_|  \__,_|_| |_|\__| 
    |_|                           

Version: 1.11.4, build: d8b6e4a0
Access web UI at http://localhost:6333/dashboard

2024-09-24T09:21:01.293239Z  INFO storage::content_manager::consensus::persistent: Loading raft state from ./storage/raft_state.json    
2024-09-24T09:21:01.296505Z DEBUG storage::content_manager::consensus::persistent: State: Persistent { state: RaftState { hard_state: HardState { term: 0, vote: 0, commit: 0 }, conf_state: ConfState { voters: [1782754882934865], learners: [], voters_outgoing: [], learners_next: [], auto_leave: false } }, latest_snapshot_meta: SnapshotMetadataSer { term: 0, index: 0 }, apply_progress_queue: EntryApplyProgressQueue(None), peer_address_by_id: RwLock { data: {} }, peer_metadata_by_id: RwLock { data: {} }, cluster_metadata: {}, this_peer_id: 1782754882934865, path: "./storage/raft_state.json", dirty: false }    
2024-09-24T09:21:01.332655Z  INFO storage::content_manager::toc: Loading collection: default    
2024-09-24T09:21:01.462497Z  INFO collection::shards::local_shard: Recovering collection default: 0/1 (0%)    
2024-09-24T09:21:01.510219Z  INFO collection::shards::local_shard: Recovered collection default: 1/1 (100%)    
2024-09-24T09:21:01.518626Z DEBUG qdrant: Loaded collection: default    
2024-09-24T09:21:01.518665Z  INFO qdrant: Distributed mode disabled    
2024-09-24T09:21:01.519175Z  INFO qdrant: Telemetry reporting disabled    
2024-09-24T09:21:01.519867Z DEBUG qdrant: Waiting for thread web to finish    
2024-09-24T09:21:01.521560Z  WARN qdrant::actix::web_ui: Static content folder for Web UI './static' does not exist    
2024-09-24T09:21:01.522169Z  INFO qdrant::actix: TLS disabled for REST API    
2024-09-24T09:21:01.522941Z  INFO qdrant::actix: Qdrant HTTP listening on 6333    
2024-09-24T09:21:01.523429Z  INFO actix_server::builder: Starting 11 workers
2024-09-24T09:21:01.523440Z  INFO actix_server::server: Actix runtime found; starting in Actix runtime
2024-09-24T09:21:01.526629Z  INFO qdrant::tonic: Qdrant gRPC listening on 6334    
2024-09-24T09:21:01.526653Z  INFO qdrant::tonic: TLS disabled for gRPC API    
2024-09-24T09:21:11.265051Z  INFO storage::content_manager::toc::collection_meta_ops: Deleting collection default    
2024-09-24T09:21:11.266874Z DEBUG collection::update_handler: Stopping flush worker.    
2024-09-24T09:21:11.273914Z  INFO actix_web::middleware::logger: 127.0.0.1 "DELETE /collections/default HTTP/1.1" 200 48 "-" "curl/7.81.0" 0.012415    
2024-09-24T09:21:33.157762Z DEBUG storage::content_manager::snapshots::recover: Downloading snapshot from file:///home/san/gaianet/qdrant/snapshots/default/default.snapshot to /home/san/gaianet/qdrant/./snapshots/tmp/download-cywrNd    
2024-09-24T09:21:33.157831Z DEBUG storage::content_manager::snapshots::recover: Snapshot downloaded to /home/san/gaianet/qdrant/snapshots/default/default.snapshot    
2024-09-24T09:21:33.158051Z DEBUG storage::content_manager::snapshots::recover: Recovering collection default from snapshot /home/san/gaianet/qdrant/snapshots/default/default.snapshot    
2024-09-24T09:21:33.158056Z DEBUG storage::content_manager::snapshots::recover: Unpacking snapshot to /home/san/gaianet/qdrant/./storage/tmp/col-default-recovery-I2FniS    
2024-09-24T09:21:34.486981Z DEBUG storage::content_manager::snapshots::recover: Collection default does not exist, creating it    
2024-09-24T09:21:34.487609Z  INFO storage::content_manager::toc::collection_meta_ops: Creating collection default    
2024-09-24T09:21:34.777048Z DEBUG collection::collection: Changing shard default:0 replica state from Some(Initializing) to Active    
2024-09-24T09:21:34.777086Z DEBUG collection::shards::replica_set: Changing local shard default:0 state from Some(Initializing) to Active    
2024-09-24T09:21:34.782615Z DEBUG storage::content_manager::snapshots::recover: Recovering shard 0 from /home/san/gaianet/qdrant/./storage/tmp/col-default-recovery-I2FniS/0    
2024-09-24T09:21:34.783588Z DEBUG collection::update_handler: Stopping flush worker.    
2024-09-24T09:21:35.026900Z  INFO collection::shards::local_shard: Recovering collection default: 0/20 (0%)    
2024-09-24T09:21:35.097131Z  INFO collection::shards::local_shard: Recovered collection default: 20/20 (100%)    
2024-09-24T09:21:35.098901Z DEBUG storage::content_manager::snapshots::recover: Activating shard 0 of collection default locally    
2024-09-24T09:21:35.098926Z DEBUG collection::collection: Changing shard default:0 replica state from Some(Active) to Active    
2024-09-24T09:21:35.098939Z DEBUG collection::shards::replica_set: Changing local shard default:0 state from Some(Active) to Active    
2024-09-24T09:21:35.104492Z  INFO actix_web::middleware::logger: 127.0.0.1 "POST /collections/default/snapshots/upload?priority=snapshot HTTP/1.1" 200 55 "-" "curl/7.81.0" 2.408346    
2024-09-24T09:21:40.136643Z DEBUG qdrant::tonic: Stopping gRPC service on SIGTERM    
2024-09-24T09:21:40.136646Z  INFO actix_server::server: SIGTERM received; starting graceful shutdown
2024-09-24T09:21:40.136770Z DEBUG actix_server::accept: Paused accepting connections on 127.0.0.1:6333
2024-09-24T09:21:40.136808Z  INFO actix_server::accept: Accept thread stopped
2024-09-24T09:21:40.136803Z  INFO actix_server::worker: Shutting down idle worker
2024-09-24T09:21:40.136835Z  INFO actix_server::worker: Shutting down idle worker
2024-09-24T09:21:40.136859Z  INFO actix_server::worker: Shutting down idle worker
2024-09-24T09:21:40.136868Z  INFO actix_server::worker: Shutting down idle worker
2024-09-24T09:21:40.136886Z  INFO actix_server::worker: Shutting down idle worker
2024-09-24T09:21:40.136887Z  INFO actix_server::worker: Shutting down idle worker
2024-09-24T09:21:40.136879Z  INFO actix_server::worker: Shutting down idle worker
2024-09-24T09:21:40.136973Z  INFO actix_server::worker: Shutting down idle worker
2024-09-24T09:21:40.136904Z  INFO actix_server::worker: Shutting down idle worker
2024-09-24T09:21:40.136904Z  INFO actix_server::worker: Shutting down idle worker
2024-09-24T09:21:40.136922Z  INFO actix_server::worker: Shutting down idle worker
2024-09-24T09:21:40.440255Z DEBUG qdrant: Waiting for thread grpc to finish    
2024-09-24T09:21:40.441312Z DEBUG collection::update_handler: Stopping flush worker.    
